+------+-----------+-----------+--------------+--------------------------+
| Id   | Type      | Name      | Batter       | Topping                  |
+------+-----------+-----------+--------------+--------------------------+
| 0001 | Cake      | Cake      | Regular      | None                     |
+------+-----------+-----------+--------------+--------------------------+
| 0001 | Cake      | Cake      | Regular      | Glazed                   |
+------+-----------+-----------+--------------+--------------------------+
| 0001 | Cake      | Cake      | Regular      | Sugar                    |
+------+-----------+-----------+--------------+--------------------------+
| 0001 | Cake      | Cake      | Regular      | Powdered Sugar           |
+------+-----------+-----------+--------------+--------------------------+
| 0001 | Cake      | Cake      | Regular      | Chocolate with Sprinkles |
+------+-----------+-----------+--------------+--------------------------+
| 0001 | Cake      | Cake      | Regular      | Chocolate                |
+------+-----------+-----------+--------------+--------------------------+
| 0001 | Cake      | Cake      | Regular      | Maple                    |
+------+-----------+-----------+--------------+--------------------------+
| 0001 | Cake      | Cake      | Chocolate    | None                     |
+------+-----------+-----------+--------------+--------------------------+
| 0001 | Cake      | Cake      | Chocolate    | Glazed                   |
+------+-----------+-----------+--------------+--------------------------+
| 0001 | Cake      | Cake      | Chocolate    | Sugar                    |
+------+-----------+-----------+--------------+--------------------------+
| 0001 | Cake      | Cake      | Chocolate    | Powdered Sugar           |
+------+-----------+-----------+--------------+--------------------------+
| 0001 | Cake      | Cake      | Chocolate    | Chocolate with Sprinkles |
+------+-----------+-----------+--------------+--------------------------+
| 0001 | Cake      | Cake      | Chocolate    | Chocolate                |
+------+-----------+-----------+--------------+--------------------------+
| 0001 | Cake      | Cake      | Chocolate    | Maple                    |
+------+-----------+-----------+--------------+--------------------------+
| 0001 | Cake      | Cake      | Blueberry    | None                     |
+------+-----------+-----------+--------------+--------------------------+
| 0001 | Cake      | Cake      | Blueberry    | Glazed                   |
+------+-----------+-----------+--------------+--------------------------+
| 0001 | Cake      | Cake      | Blueberry    | Sugar                    |
+------+-----------+-----------+--------------+--------------------------+
| 0001 | Cake      | Cake      | Blueberry    | Powdered Sugar           |
+------+-----------+-----------+--------------+--------------------------+
| 0001 | Cake      | Cake      | Blueberry    | Chocolate with Sprinkles |
+------+-----------+-----------+--------------+--------------------------+
| 0001 | Cake      | Cake      | Blueberry    | Chocolate                |
+------+-----------+-----------+--------------+--------------------------+
| 0001 | Cake      | Cake      | Blueberry    | Maple                    |
+------+-----------+-----------+--------------+--------------------------+
| 0001 | Cake      | Cake      | Devil's Food | None                     |
+------+-----------+-----------+--------------+--------------------------+
| 0001 | Cake      | Cake      | Devil's Food | Glazed                   |
+------+-----------+-----------+--------------+--------------------------+
| 0001 | Cake      | Cake      | Devil's Food | Sugar                    |
+------+-----------+-----------+--------------+--------------------------+
| 0001 | Cake      | Cake      | Devil's Food | Powdered Sugar           |
+------+-----------+-----------+--------------+--------------------------+
| 0001 | Cake      | Cake      | Devil's Food | Chocolate with Sprinkles |
+------+-----------+-----------+--------------+--------------------------+
| 0001 | Cake      | Cake      | Devil's Food | Chocolate                |
+------+-----------+-----------+--------------+--------------------------+
| 0001 | Cake      | Cake      | Devil's Food | Maple                    |
+------+-----------+-----------+--------------+--------------------------+
| 0002 | Lava Cake | Lava Cake | Chocolate    | None                     |
+------+-----------+-----------+--------------+--------------------------+
| 0002 | Lava Cake | Lava Cake | Chocolate    | Glazed                   |
+------+-----------+-----------+--------------+--------------------------+
| 0002 | Lava Cake | Lava Cake | Chocolate    | Sugar                    |
+------+-----------+-----------+--------------+--------------------------+
| 0002 | Lava Cake | Lava Cake | Chocolate    | Powdered Sugar           |
+------+-----------+-----------+--------------+--------------------------+
| 0002 | Lava Cake | Lava Cake | Chocolate    | Chocolate with Sprinkles |
+------+-----------+-----------+--------------+--------------------------+
| 0002 | Lava Cake | Lava Cake | Chocolate    | Chocolate                |
+------+-----------+-----------+--------------+--------------------------+
| 0002 | Lava Cake | Lava Cake | Chocolate    | Maple                    |
+------+-----------+-----------+--------------+--------------------------+
| 0002 | Lava Cake | Lava Cake | Chocolate    | Caramel                  |
+------+-----------+-----------+--------------+--------------------------+
| 0002 | Lava Cake | Lava Cake | White Choco. | None                     |
+------+-----------+-----------+--------------+--------------------------+
| 0002 | Lava Cake | Lava Cake | White Choco. | Glazed                   |
+------+-----------+-----------+--------------+--------------------------+
| 0002 | Lava Cake | Lava Cake | White Choco. | Sugar                    |
+------+-----------+-----------+--------------+--------------------------+
| 0002 | Lava Cake | Lava Cake | White Choco. | Powdered Sugar           |
+------+-----------+-----------+--------------+--------------------------+
| 0002 | Lava Cake | Lava Cake | White Choco. | Chocolate with Sprinkles |
+------+-----------+-----------+--------------+--------------------------+
| 0002 | Lava Cake | Lava Cake | White Choco. | Chocolate                |
+------+-----------+-----------+--------------+--------------------------+
| 0002 | Lava Cake | Lava Cake | White Choco. | Maple                    |
+------+-----------+-----------+--------------+--------------------------+
| 0002 | Lava Cake | Lava Cake | White Choco. | Caramel                  |
+------+-----------+-----------+--------------+--------------------------+
| 0002 | Lava Cake | Lava Cake | Devil's Food | None                     |
+------+-----------+-----------+--------------+--------------------------+
| 0002 | Lava Cake | Lava Cake | Devil's Food | Glazed                   |
+------+-----------+-----------+--------------+--------------------------+
| 0002 | Lava Cake | Lava Cake | Devil's Food | Sugar                    |
+------+-----------+-----------+--------------+--------------------------+
| 0002 | Lava Cake | Lava Cake | Devil's Food | Powdered Sugar           |
+------+-----------+-----------+--------------+--------------------------+
| 0002 | Lava Cake | Lava Cake | Devil's Food | Chocolate with Sprinkles |
+------+-----------+-----------+--------------+--------------------------+
| 0002 | Lava Cake | Lava Cake | Devil's Food | Chocolate                |
+------+-----------+-----------+--------------+--------------------------+
| 0002 | Lava Cake | Lava Cake | Devil's Food | Maple                    |
+------+-----------+-----------+--------------+--------------------------+
| 0002 | Lava Cake | Lava Cake | Devil's Food | Caramel                  |
+------+-----------+-----------+--------------+--------------------------+